<?xml version="1.0" encoding="UTF-8"?>
<!-- Generated by org.testng.reporters.JUnitReportReporter -->
<testsuite hostname="LTIN447898" failures="0" tests="5" name="sample.sampleTest" time="0.024" errors="0" timestamp="2023-06-01T18:04:12 IST" skipped="0">
  <testcase classname="sample.sampleTest" name="three" time="0.016"/>
  <system-out/>
  <testcase classname="sample.sampleTest" name="one" time="0.001"/>
  <system-out/>
  <testcase classname="sample.sampleTest" name="two" time="0.002"/>
  <system-out/>
  <testcase classname="sample.sampleTest" name="four" time="0.003"/>
  <system-out/>
  <testcase classname="sample.sampleTest" name="five" time="0.002"/>
  <system-out/>
</testsuite> <!-- sample.sampleTest -->
