<?xml version="1.0" encoding="UTF-8"?>
<!-- Generated by org.testng.reporters.JUnitReportReporter -->
<testsuite hostname="LTIN447915" failures="0" tests="11" name="Test.TestCases1" time="32.611" errors="0" timestamp="2023-06-12T20:00:49 IST" skipped="0">
  <testcase classname="Test.TestCases1" name="validation" time="9.504"/>
  <system-out/>
  <testcase classname="Test.TestCases1" name="printTheValidatedDetails" time="0.002"/>
  <system-out/>
  <testcase classname="Test.TestCases1" name="fillDetails" time="6.086"/>
  <system-out/>
  <testcase classname="Test.TestCases1" name="hospitalDropDown" time="3.268"/>
  <system-out/>
  <testcase classname="Test.TestCases1" name="printTheCities" time="0.520"/>
  <system-out/>
  <testcase classname="Test.TestCases1" name="clickTOExitThePage" time="0.414"/>
  <system-out/>
  <testcase classname="Test.TestCases1" name="selectHospital" time="0.146"/>
  <system-out/>
  <testcase classname="Test.TestCases1" name="cityDropDown" time="0.456"/>
  <system-out/>
  <testcase classname="Test.TestCases1" name="selectCity" time="0.320"/>
  <system-out/>
  <testcase classname="Test.TestCases1" name="clickDiagnosisPage" time="6.768"/>
  <system-out/>
  <testcase classname="Test.TestCases1" name="wellNess" time="5.127"/>
  <system-out/>
</testsuite> <!-- Test.TestCases1 -->
