<?xml version="1.0" encoding="UTF-8"?>
<!-- Generated by org.testng.reporters.JUnitReportReporter -->
<testsuite hostname="LTIN448040" failures="0" tests="22" name="Test.TestCases" time="240.127" errors="0" timestamp="2023-07-17T11:24:57 IST" skipped="0">
  <testcase classname="Test.TestCases" name="cityDropDown" time="0.690"/>
  <system-out/>
  <testcase classname="Test.TestCases" name="fillDetails" time="38.624"/>
  <system-out/>
  <testcase classname="Test.TestCases" name="validation" time="17.828"/>
  <system-out/>
  <testcase classname="Test.TestCases" name="clickTOExitThePage" time="0.359"/>
  <system-out/>
  <testcase classname="Test.TestCases" name="hospitalDropDown" time="6.416"/>
  <system-out/>
  <testcase classname="Test.TestCases" name="printTheValidatedDetails" time="0.002"/>
  <system-out/>
  <testcase classname="Test.TestCases" name="clickTOExitThePage" time="1.593"/>
  <system-out/>
  <testcase classname="Test.TestCases" name="cityDropDown" time="0.657"/>
  <system-out/>
  <testcase classname="Test.TestCases" name="printTheCities" time="6.046"/>
  <system-out/>
  <testcase classname="Test.TestCases" name="validation" time="18.626"/>
  <system-out/>
  <testcase classname="Test.TestCases" name="selectHospital" time="0.335"/>
  <system-out/>
  <testcase classname="Test.TestCases" name="printTheCities" time="6.138"/>
  <system-out/>
  <testcase classname="Test.TestCases" name="hospitalDropDown" time="35.848"/>
  <system-out/>
  <testcase classname="Test.TestCases" name="printTheValidatedDetails" time="0.002"/>
  <system-out/>
  <testcase classname="Test.TestCases" name="fillDetails" time="68.657"/>
  <system-out/>
  <testcase classname="Test.TestCases" name="selectHospital" time="0.339"/>
  <system-out/>
  <testcase classname="Test.TestCases" name="selectCity" time="1.020"/>
  <system-out/>
  <testcase classname="Test.TestCases" name="selectCity" time="0.655"/>
  <system-out/>
  <testcase classname="Test.TestCases" name="clickDiagnosisPage" time="12.817"/>
  <system-out/>
  <testcase classname="Test.TestCases" name="clickDiagnosisPage" time="12.930"/>
  <system-out/>
  <testcase classname="Test.TestCases" name="wellNess" time="5.306"/>
  <system-out/>
  <testcase classname="Test.TestCases" name="wellNess" time="5.239"/>
  <system-out/>
</testsuite> <!-- Test.TestCases -->
