<?xml version="1.0" encoding="UTF-8"?>
<!-- Generated by org.testng.reporters.JUnitReportReporter -->
<testsuite hostname="LTIN408297" failures="0" tests="11" name="Test.TestCases" time="46.640" errors="0" timestamp="2023-06-26T15:34:52 IST" skipped="0">
  <testcase classname="Test.TestCases" name="excludeOutOfStock" time="2.118"/>
  <system-out/>
  <testcase classname="Test.TestCases" name="extractSub_Menus" time="0.070"/>
  <system-out/>
  <testcase classname="Test.TestCases" name="display_1st_Three_Results" time="2.142"/>
  <system-out/>
  <testcase classname="Test.TestCases" name="category" time="2.267"/>
  <system-out/>
  <testcase classname="Test.TestCases" name="price" time="3.622"/>
  <system-out/>
  <testcase classname="Test.TestCases" name="captureErrorMessage" time="2.243"/>
  <system-out/>
  <testcase classname="Test.TestCases" name="fillDetails" time="1.283"/>
  <system-out/>
  <testcase classname="Test.TestCases" name="printSub_Menus" time="0.289"/>
  <system-out/>
  <testcase classname="Test.TestCases" name="searchBookShelves" time="5.194"/>
  <system-out/>
  <testcase classname="Test.TestCases" name="sofasAndReclinders_Menu" time="1.083"/>
  <system-out/>
  <testcase classname="Test.TestCases" name="customizeGiftCards" time="26.329"/>
  <system-out/>
</testsuite> <!-- Test.TestCases -->
